<?xml version="1.0" encoding="UTF-8" ?>
<testsuites>
 <testsuite name="search specific site --&gt;" timestamp="2016-02-09T17:50:56" hostname="localhost" time="3.825" errors="0" tests="1" skipped="0" disabled="0" failures="0">
  <testcase classname="search specific site --&gt;" name="should display results of this site" time="3.825" />
 </testsuite>
</testsuites>