<?xml version="1.0" encoding="UTF-8" ?>
<testsuites>
 <testsuite name="search site" timestamp="2016-02-04T14:09:09" hostname="localhost" time="2.596" errors="0" tests="1" skipped="0" disabled="0" failures="0">
  <testcase classname="search site" name="should display results of site" time="2.596" />
 </testsuite>
</testsuites>