<?xml version="1.0" encoding="UTF-8" ?>
<testsuites>
 <testsuite name="log out from app" timestamp="2016-02-09T11:36:48" hostname="localhost" time="3.229" errors="0" tests="1" skipped="0" disabled="0" failures="0">
  <testcase classname="log out from app" name="should go to login screen again" time="3.229" />
 </testsuite>
</testsuites>