<?xml version="1.0" encoding="UTF-8" ?>
<testsuites>
 <testsuite name="log in to app --&gt;" timestamp="2016-02-09T17:50:53" hostname="localhost" time="3.437" errors="0" tests="1" skipped="0" disabled="0" failures="0">
  <testcase classname="log in to app --&gt;" name="should login to app..." time="3.436" />
 </testsuite>
</testsuites>