<?xml version="1.0" encoding="UTF-8" ?>
<testsuites>
 <testsuite name="unckeck 247" timestamp="2016-02-09T13:47:50" hostname="localhost" time="6.248" errors="0" tests="1" skipped="0" disabled="0" failures="0">
  <testcase classname="unckeck 247" name="should enable opening hours" time="6.247" />
 </testsuite>
</testsuites>