<?xml version="1.0" encoding="UTF-8" ?>
<testsuites>
 <testsuite name="language selector" timestamp="2016-02-03T14:03:34" hostname="localhost" time="0.003" errors="0" tests="2" skipped="0" disabled="2" failures="0">
  <testcase classname="language selector" name="should list available languages" time="0.001">
   <skipped />
  </testcase>
  <testcase classname="language selector" name="should change the text of the login button" time="0">
   <skipped />
  </testcase>
 </testsuite>
</testsuites>