<?xml version="1.0" encoding="UTF-8" ?>
<testsuites>
 <testsuite name="unckeck 247 field --&gt;" timestamp="2016-02-09T16:47:09" hostname="localhost" time="6.393" errors="0" tests="1" skipped="0" disabled="0" failures="0">
  <testcase classname="unckeck 247 field --&gt;" name="should enable opening hours" time="6.393" />
 </testsuite>
</testsuites>