<?xml version="1.0" encoding="UTF-8" ?>
<testsuites>
 <testsuite name="E2E: Routes" timestamp="2016-02-03T14:03:34" hostname="localhost" time="2.273" errors="0" tests="1" skipped="0" disabled="0" failures="0">
  <testcase classname="E2E: Routes" name="should have a working home route" time="2.273" />
 </testsuite>
</testsuites>